<?xml version="1.0" encoding="UTF-8"?>
<!-- Generated by org.testng.reporters.JUnitXMLReporter -->
<testsuite ignored="2" hostname="DESKTOP-6CV4G98" failures="0" tests="4" name="Test" time="7.409" errors="0" timestamp="2022-08-05T07:50:28 IST">
  <testcase classname="tests.LoginTest" name="verifybuttontext" time="0.075"/>
  <testcase classname="tests.LoginTest" name="login" time="4.446"/>
  <testcase classname="tests.HomePageTest" name="goToTab" time="1.578"/>
  <testcase classname="tests.HomePageTest" name="logout" time="1.145"/>
  <testcase classname="tests.BaseTest" name="@AfterSuite tearDown" time="0.0">
    <ignored/>
  </testcase> <!-- @AfterSuite tearDown -->
  <testcase classname="tests.BaseTest" name="@BeforeSuite init" time="0.0">
    <ignored/>
  </testcase> <!-- @BeforeSuite init -->
</testsuite> <!-- Test -->
