<?xml version="1.0" encoding="UTF-8"?>
<testng-results ignored="2" total="6" passed="4" failed="0" skipped="0">
  <reporter-output>
  </reporter-output>
  <suite started-at="2022-08-05T07:50:20 IST" name="Suite" finished-at="2022-08-05T07:50:28 IST" duration-ms="7409">
    <groups>
    </groups>
    <test started-at="2022-08-05T07:50:20 IST" name="Test" finished-at="2022-08-05T07:50:28 IST" duration-ms="7409">
      <class name="tests.LoginTest">
        <test-method is-config="true" signature="init()[pri:0, instance:tests.LoginTest@4d1c005e]" started-at="2022-08-05T07:50:13 IST" name="init" finished-at="2022-08-05T07:50:20 IST" duration-ms="7758" status="PASS">
          <reporter-output>
          </reporter-output>
        </test-method> <!-- init -->
        <test-method is-config="true" signature="initObject()[pri:0, instance:tests.LoginTest@4d1c005e]" started-at="2022-08-05T07:50:20 IST" name="initObject" finished-at="2022-08-05T07:50:20 IST" duration-ms="59" status="PASS">
          <reporter-output>
          </reporter-output>
        </test-method> <!-- initObject -->
        <test-method signature="verifybuttontext()[pri:1, instance:tests.LoginTest@4d1c005e]" started-at="2022-08-05T07:50:20 IST" name="verifybuttontext" finished-at="2022-08-05T07:50:20 IST" duration-ms="75" status="PASS">
          <reporter-output>
          </reporter-output>
        </test-method> <!-- verifybuttontext -->
        <test-method signature="login()[pri:2, instance:tests.LoginTest@4d1c005e]" started-at="2022-08-05T07:50:20 IST" name="login" finished-at="2022-08-05T07:50:25 IST" duration-ms="4446" status="PASS">
          <reporter-output>
          </reporter-output>
        </test-method> <!-- login -->
        <test-method is-config="true" signature="tearDown()[pri:0, instance:tests.LoginTest@4d1c005e]" started-at="2022-08-05T07:50:28 IST" name="tearDown" finished-at="2022-08-05T07:50:28 IST" duration-ms="223" status="PASS">
          <reporter-output>
          </reporter-output>
        </test-method> <!-- tearDown -->
      </class> <!-- tests.LoginTest -->
      <class name="tests.HomePageTest">
        <test-method is-config="true" signature="initObject()[pri:0, instance:tests.HomePageTest@7c37508a]" started-at="2022-08-05T07:50:25 IST" name="initObject" finished-at="2022-08-05T07:50:25 IST" duration-ms="2" status="PASS">
          <reporter-output>
          </reporter-output>
        </test-method> <!-- initObject -->
        <test-method signature="goToTab()[pri:1, instance:tests.HomePageTest@7c37508a]" started-at="2022-08-05T07:50:25 IST" name="goToTab" finished-at="2022-08-05T07:50:27 IST" duration-ms="1578" status="PASS">
          <reporter-output>
          </reporter-output>
        </test-method> <!-- goToTab -->
        <test-method signature="logout()[pri:2, instance:tests.HomePageTest@7c37508a]" started-at="2022-08-05T07:50:27 IST" name="logout" finished-at="2022-08-05T07:50:28 IST" duration-ms="1145" status="PASS">
          <reporter-output>
          </reporter-output>
        </test-method> <!-- logout -->
      </class> <!-- tests.HomePageTest -->
    </test> <!-- Test -->
  </suite> <!-- Suite -->
</testng-results>
